[19:20:56] [main/INFO]: Environment: authHost='https://authserver.mojang.com', accountsHost='https://api.mojang.com', sessionHost='https://sessionserver.mojang.com', servicesHost='https://api.minecraftservices.com', name='PROD'
[19:20:58] [main/INFO]: Reloading ResourceManager: Default, bukkit
[19:20:59] [Worker-Main-13/INFO]: Loaded 7 recipes
[19:21:03] [Server thread/INFO]: Starting minecraft server version 1.16.5
[19:21:03] [Server thread/INFO]: Loading properties
[19:21:04] [Server thread/INFO]: This server is running CraftBukkit version 2991-Spigot-018b9a0-f3f3094 (MC: 1.16.5) (Implementing API version 1.16.5-R0.1-SNAPSHOT)
[19:21:04] [Server thread/INFO]: Debug logging is disabled
[19:21:04] [Server thread/INFO]: Using 4 threads for Netty based IO
[19:21:04] [Server thread/INFO]: Server Ping Player Sample Count: 12
[19:21:04] [Server thread/INFO]: Default game type: SURVIVAL
[19:21:04] [Server thread/INFO]: Generating keypair
[19:21:04] [Server thread/INFO]: Starting Minecraft server on *:25565
[19:21:04] [Server thread/INFO]: Using default channel type
[19:21:08] [Server thread/INFO]: Preparing level "world"
[19:21:08] [Server thread/INFO]: -------- World Settings For [world] --------
[19:21:08] [Server thread/INFO]: Entity Tracking Range: Pl 48 / An 48 / Mo 48 / Mi 32 / Other 64
[19:21:08] [Server thread/INFO]: Allow Zombie Pigmen to spawn from portal blocks: true
[19:21:08] [Server thread/INFO]: Item Merge Radius: 2.5
[19:21:08] [Server thread/INFO]: Item Despawn Rate: 6000
[19:21:08] [Server thread/INFO]: View Distance: 10
[19:21:08] [Server thread/INFO]: Arrow Despawn Rate: 1200 Trident Respawn Rate:1200
[19:21:08] [Server thread/INFO]: Nerfing mobs spawned from spawners: false
[19:21:08] [Server thread/INFO]: Zombie Aggressive Towards Villager: true
[19:21:08] [Server thread/INFO]: Cactus Growth Modifier: 100%
[19:21:08] [Server thread/INFO]: Cane Growth Modifier: 100%
[19:21:08] [Server thread/INFO]: Melon Growth Modifier: 100%
[19:21:08] [Server thread/INFO]: Mushroom Growth Modifier: 100%
[19:21:08] [Server thread/INFO]: Pumpkin Growth Modifier: 100%
[19:21:08] [Server thread/INFO]: Sapling Growth Modifier: 100%
[19:21:08] [Server thread/INFO]: Beetroot Growth Modifier: 100%
[19:21:08] [Server thread/INFO]: Carrot Growth Modifier: 100%
[19:21:08] [Server thread/INFO]: Potato Growth Modifier: 100%
[19:21:08] [Server thread/INFO]: Wheat Growth Modifier: 100%
[19:21:08] [Server thread/INFO]: NetherWart Growth Modifier: 100%
[19:21:08] [Server thread/INFO]: Vine Growth Modifier: 100%
[19:21:08] [Server thread/INFO]: Cocoa Growth Modifier: 100%
[19:21:08] [Server thread/INFO]: Bamboo Growth Modifier: 100%
[19:21:08] [Server thread/INFO]: SweetBerry Growth Modifier: 100%
[19:21:08] [Server thread/INFO]: Kelp Growth Modifier: 100%
[19:21:08] [Server thread/INFO]: Entity Activation Range: An 32 / Mo 32 / Ra 48 / Mi 16 / Tiv true
[19:21:08] [Server thread/INFO]: Hopper Transfer: 8 Hopper Check: 1 Hopper Amount: 1
[19:21:08] [Server thread/INFO]: Experience Merge Radius: 3.0
[19:21:08] [Server thread/INFO]: Mob Spawn Range: 6
[19:21:08] [Server thread/INFO]: Max TNT Explosions: 100
[19:21:08] [Server thread/INFO]: Tile Max Tick Time: 50ms Entity max Tick Time: 50ms
[19:21:08] [Server thread/INFO]: Custom Map Seeds:  Village: 10387312 Desert: 14357617 Igloo: 14357618 Jungle: 14357619 Swamp: 14357620 Monument: 10387313 Ocean: 14357621 Shipwreck: 165745295 End City: 10387313 Slime: 987234911 Bastion: 30084232 Fortress: 30084232 Mansion: 10387319 Fossil: 14357921 Portal: 34222645
[19:21:09] [Server thread/INFO]: -------- World Settings For [world_nether] --------
[19:21:09] [Server thread/INFO]: Entity Tracking Range: Pl 48 / An 48 / Mo 48 / Mi 32 / Other 64
[19:21:09] [Server thread/INFO]: Allow Zombie Pigmen to spawn from portal blocks: true
[19:21:09] [Server thread/INFO]: Item Merge Radius: 2.5
[19:21:09] [Server thread/INFO]: Item Despawn Rate: 6000
[19:21:09] [Server thread/INFO]: View Distance: 10
[19:21:09] [Server thread/INFO]: Arrow Despawn Rate: 1200 Trident Respawn Rate:1200
[19:21:09] [Server thread/INFO]: Nerfing mobs spawned from spawners: false
[19:21:09] [Server thread/INFO]: Zombie Aggressive Towards Villager: true
[19:21:09] [Server thread/INFO]: Cactus Growth Modifier: 100%
[19:21:09] [Server thread/INFO]: Cane Growth Modifier: 100%
[19:21:09] [Server thread/INFO]: Melon Growth Modifier: 100%
[19:21:09] [Server thread/INFO]: Mushroom Growth Modifier: 100%
[19:21:09] [Server thread/INFO]: Pumpkin Growth Modifier: 100%
[19:21:09] [Server thread/INFO]: Sapling Growth Modifier: 100%
[19:21:09] [Server thread/INFO]: Beetroot Growth Modifier: 100%
[19:21:09] [Server thread/INFO]: Carrot Growth Modifier: 100%
[19:21:09] [Server thread/INFO]: Potato Growth Modifier: 100%
[19:21:09] [Server thread/INFO]: Wheat Growth Modifier: 100%
[19:21:09] [Server thread/INFO]: NetherWart Growth Modifier: 100%
[19:21:09] [Server thread/INFO]: Vine Growth Modifier: 100%
[19:21:09] [Server thread/INFO]: Cocoa Growth Modifier: 100%
[19:21:09] [Server thread/INFO]: Bamboo Growth Modifier: 100%
[19:21:09] [Server thread/INFO]: SweetBerry Growth Modifier: 100%
[19:21:09] [Server thread/INFO]: Kelp Growth Modifier: 100%
[19:21:09] [Server thread/INFO]: Entity Activation Range: An 32 / Mo 32 / Ra 48 / Mi 16 / Tiv true
[19:21:09] [Server thread/INFO]: Hopper Transfer: 8 Hopper Check: 1 Hopper Amount: 1
[19:21:09] [Server thread/INFO]: Experience Merge Radius: 3.0
[19:21:09] [Server thread/INFO]: Mob Spawn Range: 6
[19:21:09] [Server thread/INFO]: Max TNT Explosions: 100
[19:21:09] [Server thread/INFO]: Tile Max Tick Time: 50ms Entity max Tick Time: 50ms
[19:21:09] [Server thread/INFO]: Custom Map Seeds:  Village: 10387312 Desert: 14357617 Igloo: 14357618 Jungle: 14357619 Swamp: 14357620 Monument: 10387313 Ocean: 14357621 Shipwreck: 165745295 End City: 10387313 Slime: 987234911 Bastion: 30084232 Fortress: 30084232 Mansion: 10387319 Fossil: 14357921 Portal: 34222645
[19:21:09] [Server thread/INFO]: -------- World Settings For [world_the_end] --------
[19:21:09] [Server thread/INFO]: Entity Tracking Range: Pl 48 / An 48 / Mo 48 / Mi 32 / Other 64
[19:21:09] [Server thread/INFO]: Allow Zombie Pigmen to spawn from portal blocks: true
[19:21:09] [Server thread/INFO]: Item Merge Radius: 2.5
[19:21:09] [Server thread/INFO]: Item Despawn Rate: 6000
[19:21:09] [Server thread/INFO]: View Distance: 10
[19:21:09] [Server thread/INFO]: Arrow Despawn Rate: 1200 Trident Respawn Rate:1200
[19:21:09] [Server thread/INFO]: Nerfing mobs spawned from spawners: false
[19:21:09] [Server thread/INFO]: Zombie Aggressive Towards Villager: true
[19:21:09] [Server thread/INFO]: Cactus Growth Modifier: 100%
[19:21:09] [Server thread/INFO]: Cane Growth Modifier: 100%
[19:21:09] [Server thread/INFO]: Melon Growth Modifier: 100%
[19:21:09] [Server thread/INFO]: Mushroom Growth Modifier: 100%
[19:21:09] [Server thread/INFO]: Pumpkin Growth Modifier: 100%
[19:21:09] [Server thread/INFO]: Sapling Growth Modifier: 100%
[19:21:09] [Server thread/INFO]: Beetroot Growth Modifier: 100%
[19:21:09] [Server thread/INFO]: Carrot Growth Modifier: 100%
[19:21:09] [Server thread/INFO]: Potato Growth Modifier: 100%
[19:21:09] [Server thread/INFO]: Wheat Growth Modifier: 100%
[19:21:09] [Server thread/INFO]: NetherWart Growth Modifier: 100%
[19:21:09] [Server thread/INFO]: Vine Growth Modifier: 100%
[19:21:09] [Server thread/INFO]: Cocoa Growth Modifier: 100%
[19:21:09] [Server thread/INFO]: Bamboo Growth Modifier: 100%
[19:21:09] [Server thread/INFO]: SweetBerry Growth Modifier: 100%
[19:21:09] [Server thread/INFO]: Kelp Growth Modifier: 100%
[19:21:09] [Server thread/INFO]: Entity Activation Range: An 32 / Mo 32 / Ra 48 / Mi 16 / Tiv true
[19:21:09] [Server thread/INFO]: Hopper Transfer: 8 Hopper Check: 1 Hopper Amount: 1
[19:21:09] [Server thread/INFO]: Experience Merge Radius: 3.0
[19:21:09] [Server thread/INFO]: Mob Spawn Range: 6
[19:21:09] [Server thread/INFO]: Max TNT Explosions: 100
[19:21:09] [Server thread/INFO]: Tile Max Tick Time: 50ms Entity max Tick Time: 50ms
[19:21:09] [Server thread/INFO]: Custom Map Seeds:  Village: 10387312 Desert: 14357617 Igloo: 14357618 Jungle: 14357619 Swamp: 14357620 Monument: 10387313 Ocean: 14357621 Shipwreck: 165745295 End City: 10387313 Slime: 987234911 Bastion: 30084232 Fortress: 30084232 Mansion: 10387319 Fossil: 14357921 Portal: 34222645
[19:21:09] [Server thread/INFO]: Preparing start region for dimension minecraft:overworld
[19:21:12] [Server thread/INFO]: Preparing spawn area: 0%
[19:21:12] [Server thread/INFO]: Preparing spawn area: 0%
[19:21:12] [Server thread/INFO]: Preparing spawn area: 0%
[19:21:12] [Server thread/INFO]: Preparing spawn area: 0%
[19:21:12] [Server thread/INFO]: Preparing spawn area: 0%
[19:21:12] [Server thread/INFO]: Preparing spawn area: 0%
[19:21:12] [Server thread/INFO]: Preparing spawn area: 0%
[19:21:12] [Server thread/INFO]: Preparing spawn area: 0%
[19:21:13] [Server thread/INFO]: Preparing spawn area: 47%
[19:21:13] [Server thread/INFO]: Preparing spawn area: 47%
[19:21:19] [Worker-Main-10/INFO]: Preparing spawn area: 83%
[19:21:19] [Worker-Main-8/INFO]: Preparing spawn area: 83%
[19:21:19] [Worker-Main-8/INFO]: Preparing spawn area: 83%
[19:21:19] [Worker-Main-8/INFO]: Preparing spawn area: 83%
[19:21:19] [Worker-Main-8/INFO]: Preparing spawn area: 83%
[19:21:19] [Worker-Main-8/INFO]: Preparing spawn area: 83%
[19:21:19] [Worker-Main-8/INFO]: Preparing spawn area: 83%
[19:21:19] [Worker-Main-8/INFO]: Preparing spawn area: 83%
[19:21:19] [Worker-Main-8/INFO]: Preparing spawn area: 83%
[19:21:19] [Worker-Main-8/INFO]: Preparing spawn area: 83%
[19:21:19] [Worker-Main-8/INFO]: Preparing spawn area: 83%
[19:21:19] [Worker-Main-8/INFO]: Preparing spawn area: 83%
[19:21:20] [Worker-Main-12/INFO]: Preparing spawn area: 83%
[19:21:20] [Worker-Main-11/INFO]: Preparing spawn area: 83%
[19:21:21] [Worker-Main-12/INFO]: Preparing spawn area: 83%
[19:21:21] [Worker-Main-11/INFO]: Preparing spawn area: 83%
[19:21:22] [Worker-Main-16/INFO]: Preparing spawn area: 83%
[19:21:22] [Worker-Main-11/INFO]: Preparing spawn area: 83%
[19:21:23] [Worker-Main-8/INFO]: Preparing spawn area: 83%
[19:21:23] [Worker-Main-10/INFO]: Preparing spawn area: 85%
[19:21:24] [Worker-Main-12/INFO]: Preparing spawn area: 89%
[19:21:24] [Server thread/INFO]: Preparing spawn area: 97%
[19:21:24] [Server thread/INFO]: Time elapsed: 15633 ms
[19:21:24] [Server thread/INFO]: Preparing start region for dimension minecraft:the_nether
[19:21:25] [Server thread/INFO]: Preparing spawn area: 0%
[19:21:25] [Server thread/INFO]: Preparing spawn area: 0%
[19:21:25] [Worker-Main-11/INFO]: Preparing spawn area: 83%
[19:21:26] [Worker-Main-12/INFO]: Preparing spawn area: 83%
[19:21:26] [Worker-Main-15/INFO]: Preparing spawn area: 83%
[19:21:27] [Worker-Main-12/INFO]: Preparing spawn area: 84%
[19:21:27] [Worker-Main-15/INFO]: Preparing spawn area: 84%
[19:21:28] [Worker-Main-8/INFO]: Preparing spawn area: 86%
[19:21:28] [Server thread/INFO]: Time elapsed: 3763 ms
[19:21:28] [Server thread/INFO]: Preparing start region for dimension minecraft:the_end
[19:21:29] [Server thread/INFO]: Preparing spawn area: 0%
[19:21:29] [Server thread/INFO]: Preparing spawn area: 0%
[19:21:29] [Worker-Main-10/INFO]: Preparing spawn area: 91%
[19:21:29] [Server thread/INFO]: Time elapsed: 1093 ms
[19:21:29] [Server thread/INFO]: Server permissions file permissions.yml is empty, ignoring it
[19:21:29] [Server thread/INFO]: Done (20.943s)! For help, type "help"
[19:21:29] [Server thread/INFO]: Stopping server
[19:21:29] [Server thread/INFO]: Saving players
[19:21:29] [Server thread/INFO]: Saving worlds
[19:21:29] [Server thread/INFO]: Saving chunks for level 'ServerLevel[world]'/minecraft:overworld
[19:21:30] [Server thread/INFO]: ThreadedAnvilChunkStorage (world): All chunks are saved
[19:21:30] [Server thread/INFO]: Saving chunks for level 'ServerLevel[world_nether]'/minecraft:the_nether
[19:21:31] [Server thread/INFO]: ThreadedAnvilChunkStorage (DIM-1): All chunks are saved
[19:21:31] [Server thread/INFO]: Saving chunks for level 'ServerLevel[world_the_end]'/minecraft:the_end
[19:21:32] [Server thread/INFO]: ThreadedAnvilChunkStorage (DIM1): All chunks are saved
[19:21:32] [Server thread/INFO]: ThreadedAnvilChunkStorage (world): All chunks are saved
[19:21:32] [Server thread/INFO]: ThreadedAnvilChunkStorage (DIM-1): All chunks are saved
[19:21:32] [Server thread/INFO]: ThreadedAnvilChunkStorage (DIM1): All chunks are saved
